<?xml version="1.0" encoding="UTF-8"?>
<testng-results ignored="0" total="1" passed="1" failed="0" skipped="0">
  <reporter-output>
  </reporter-output>
  <suite started-at="2021-08-17T16:34:45 GMT-04:00" name="Suite" finished-at="2021-08-17T16:36:27 GMT-04:00" duration-ms="102149">
    <groups>
      <group name="cucumber">
        <method signature="AbstractTestNGCucumberTests.feature(cucumber.api.testng.CucumberFeatureWrapper)[pri:0, instance:cucumberOptions.TestRunner@20ccf40b]" name="feature" class="cucumber.api.testng.AbstractTestNGCucumberTests"/>
      </group> <!-- cucumber -->
    </groups>
    <test started-at="2021-08-17T16:34:45 GMT-04:00" name="Tdsfest" finished-at="2021-08-17T16:36:27 GMT-04:00" duration-ms="102149">
      <class name="cucumberOptions.TestRunner">
        <test-method is-config="true" signature="setUpClass()[pri:0, instance:cucumberOptions.TestRunner@20ccf40b]" started-at="2021-08-17T16:34:45 GMT-04:00" name="setUpClass" finished-at="2021-08-17T16:34:48 GMT-04:00" duration-ms="2240" status="PASS">
          <reporter-output>
          </reporter-output>
        </test-method> <!-- setUpClass -->
        <test-method signature="feature(cucumber.api.testng.CucumberFeatureWrapper)[pri:0, instance:cucumberOptions.TestRunner@20ccf40b]" started-at="2021-08-17T16:34:49 GMT-04:00" name="feature" description="Runs Cucumber Feature" data-provider="features" finished-at="2021-08-17T16:36:27 GMT-04:00" duration-ms="98685" status="PASS">
          <params>
            <param index="0">
              <value>
                <![CDATA[Login into Application]]>
              </value>
            </param>
          </params>
          <reporter-output>
          </reporter-output>
        </test-method> <!-- feature -->
        <test-method is-config="true" signature="tearDownClass()[pri:0, instance:cucumberOptions.TestRunner@20ccf40b]" started-at="2021-08-17T16:36:27 GMT-04:00" name="tearDownClass" finished-at="2021-08-17T16:36:27 GMT-04:00" duration-ms="118" status="PASS">
          <reporter-output>
          </reporter-output>
        </test-method> <!-- tearDownClass -->
      </class> <!-- cucumberOptions.TestRunner -->
    </test> <!-- Tdsfest -->
  </suite> <!-- Suite -->
</testng-results>
